<?xml version="1.0" encoding="UTF-8"?>
<!-- Generated by org.testng.reporters.JUnitXMLReporter -->
<testsuite ignored="23" hostname="DESKTOP-7LDPBGD" failures="1" tests="1" name="Default test" time="7.21" errors="0" timestamp="2022-10-06T20:58:45 EDT">
  <testcase classname="com.macys.HomePageTest" name="setASpecificSizeOfWindow" time="0.009">
    <failure type="java.lang.NullPointerException" message="Cannot read field &amp;quot;width&amp;quot; because &amp;quot;targetSize&amp;quot; is null">
      <![CDATA[java.lang.NullPointerException: Cannot read field "width" because "targetSize" is null
at org.openqa.selenium.remote.DriverCommand.SET_CURRENT_WINDOW_SIZE(DriverCommand.java:416)
at org.openqa.selenium.remote.RemoteWebDriver$RemoteWebDriverOptions$RemoteWindow.setSize(RemoteWebDriver.java:980)
at com.macys.HomePageTest.setASpecificSizeOfWindow(HomePageTest.java:171)
at java.base/jdk.internal.reflect.NativeMethodAccessorImpl.invoke0(Native Method)
at java.base/jdk.internal.reflect.NativeMethodAccessorImpl.invoke(NativeMethodAccessorImpl.java:77)
at java.base/jdk.internal.reflect.DelegatingMethodAccessorImpl.invoke(DelegatingMethodAccessorImpl.java:43)
at java.base/java.lang.reflect.Method.invoke(Method.java:568)
at org.testng.internal.invokers.MethodInvocationHelper.invokeMethod(MethodInvocationHelper.java:139)
at org.testng.internal.invokers.TestInvoker.invokeMethod(TestInvoker.java:677)
at org.testng.internal.invokers.TestInvoker.invokeTestMethod(TestInvoker.java:221)
at org.testng.internal.invokers.MethodRunner.runInSequence(MethodRunner.java:50)
at org.testng.internal.invokers.TestInvoker$MethodInvocationAgent.invoke(TestInvoker.java:962)
at org.testng.internal.invokers.TestInvoker.invokeTestMethods(TestInvoker.java:194)
at org.testng.internal.invokers.TestMethodWorker.invokeTestMethods(TestMethodWorker.java:148)
at org.testng.internal.invokers.TestMethodWorker.run(TestMethodWorker.java:128)
at java.base/java.util.ArrayList.forEach(ArrayList.java:1511)
at org.testng.TestRunner.privateRun(TestRunner.java:806)
at org.testng.TestRunner.run(TestRunner.java:601)
at org.testng.SuiteRunner.runTest(SuiteRunner.java:433)
at org.testng.SuiteRunner.runSequentially(SuiteRunner.java:427)
at org.testng.SuiteRunner.privateRun(SuiteRunner.java:387)
at org.testng.SuiteRunner.run(SuiteRunner.java:330)
at org.testng.SuiteRunnerWorker.runSuite(SuiteRunnerWorker.java:52)
at org.testng.SuiteRunnerWorker.run(SuiteRunnerWorker.java:95)
at org.testng.TestNG.runSuitesSequentially(TestNG.java:1256)
at org.testng.TestNG.runSuitesLocally(TestNG.java:1176)
at org.testng.TestNG.runSuites(TestNG.java:1099)
at org.testng.TestNG.run(TestNG.java:1067)
at org.testng.remote.AbstractRemoteTestNG.run(AbstractRemoteTestNG.java:115)
at org.testng.remote.RemoteTestNG.initAndRun(RemoteTestNG.java:251)
at org.testng.remote.RemoteTestNG.main(RemoteTestNG.java:77)
]]>
    </failure>
  </testcase> <!-- setASpecificSizeOfWindow -->
  <testcase classname="com.macys.HomePageTest" name="clickSingInButton" time="0.0">
    <ignored/>
  </testcase> <!-- clickSingInButton -->
  <testcase classname="com.macys.HomePageTest" name="logoTest" time="0.0">
    <ignored/>
  </testcase> <!-- logoTest -->
  <testcase classname="com.macys.HomePageTest" name="bagIconTest" time="0.0">
    <ignored/>
  </testcase> <!-- bagIconTest -->
  <testcase classname="com.macys.HomePageTest" name="orderReturnButtonTest" time="0.0">
    <ignored/>
  </testcase> <!-- orderReturnButtonTest -->
  <testcase classname="com.macys.HomePageTest" name="use_isDisplayTest" time="0.0">
    <ignored/>
  </testcase> <!-- use_isDisplayTest -->
  <testcase classname="com.macys.HomePageTest" name="use_of_GetAttribute_Method" time="0.0">
    <ignored/>
  </testcase> <!-- use_of_GetAttribute_Method -->
  <testcase classname="com.macys.HomePageTest" name="use_of_sendKeys_method" time="0.0">
    <ignored/>
  </testcase> <!-- use_of_sendKeys_method -->
  <testcase classname="com.macys.HomePageTest" name="searchButtonClickTesting" time="0.0">
    <ignored/>
  </testcase> <!-- searchButtonClickTesting -->
  <testcase classname="com.macys.HomePageTest" name="use_of_GetText_Method" time="0.0">
    <ignored/>
  </testcase> <!-- use_of_GetText_Method -->
  <testcase classname="com.macys.HomePageTest" name="applyForMacysCraditCardTest" time="0.0">
    <ignored/>
  </testcase> <!-- applyForMacysCraditCardTest -->
  <testcase classname="com.macys.HomePageTest" name="use_of_navigate_method" time="0.0">
    <ignored/>
  </testcase> <!-- use_of_navigate_method -->
  <testcase classname="com.macys.HomePageTest" name="use_Of_GetCurrentUrl_Method" time="0.0">
    <ignored/>
  </testcase> <!-- use_Of_GetCurrentUrl_Method -->
  <testcase classname="com.macys.HomePageTest" name="forgetPassword" time="0.0">
    <ignored/>
  </testcase> <!-- forgetPassword -->
  <testcase classname="com.macys.HomePageTest" name="weddingRegistryButtonTest" time="0.0">
    <ignored/>
  </testcase> <!-- weddingRegistryButtonTest -->
  <testcase classname="com.macys.HomePageTest" name="signMeUpButtonTest" time="0.0">
    <ignored/>
  </testcase> <!-- signMeUpButtonTest -->
  <testcase classname="com.macys.HomePageTest" name="clickUserIdField" time="0.0">
    <ignored/>
  </testcase> <!-- clickUserIdField -->
  <testcase classname="com.macys.HomePageTest" name="cardholderBenefitsTest" time="0.0">
    <ignored/>
  </testcase> <!-- cardholderBenefitsTest -->
  <testcase classname="com.macys.HomePageTest" name="shopButtonTest" time="0.0">
    <ignored/>
  </testcase> <!-- shopButtonTest -->
  <testcase classname="com.macys.HomePageTest" name="logoIsDisplayedTest" time="0.0">
    <ignored/>
  </testcase> <!-- logoIsDisplayedTest -->
  <testcase classname="com.macys.HomePageTest" name="singInButtonTest2" time="0.0">
    <ignored/>
  </testcase> <!-- singInButtonTest2 -->
  <testcase classname="com.macys.HomePageTest" name="use_Of_Get_Tittle_Method" time="0.0">
    <ignored/>
  </testcase> <!-- use_Of_Get_Tittle_Method -->
  <testcase classname="com.macys.HomePageTest" name="zipCodeFieldClickTest" time="0.0">
    <ignored/>
  </testcase> <!-- zipCodeFieldClickTest -->
  <testcase classname="com.macys.HomePageTest" name="searchButtonTest1" time="0.0">
    <ignored/>
  </testcase> <!-- searchButtonTest1 -->
</testsuite> <!-- Default test -->
