<?xml version="1.0" encoding="UTF-8"?>
<!-- Generated by org.testng.reporters.JUnitReportReporter -->
<testsuite hostname="DESKTOP-7LDPBGD" failures="0" tests="24" name="com.macys.HomePageTest" time="7.178" errors="1" timestamp="2022-10-06T20:58:45 EDT" skipped="23">
  <testcase classname="com.macys.HomePageTest" name="setASpecificSizeOfWindow" time="7.178">
    <error message="Cannot read field &quot;width&quot; because &quot;targetSize&quot; is null" type="java.lang.NullPointerException">
      <![CDATA[java.lang.NullPointerException: Cannot read field "width" because "targetSize" is null
at org.openqa.selenium.remote.DriverCommand.SET_CURRENT_WINDOW_SIZE(DriverCommand.java:416)
at org.openqa.selenium.remote.RemoteWebDriver$RemoteWebDriverOptions$RemoteWindow.setSize(RemoteWebDriver.java:980)
at com.macys.HomePageTest.setASpecificSizeOfWindow(HomePageTest.java:171)
at java.base/jdk.internal.reflect.NativeMethodAccessorImpl.invoke0(Native Method)
at java.base/jdk.internal.reflect.NativeMethodAccessorImpl.invoke(NativeMethodAccessorImpl.java:77)
at java.base/jdk.internal.reflect.DelegatingMethodAccessorImpl.invoke(DelegatingMethodAccessorImpl.java:43)
at java.base/java.lang.reflect.Method.invoke(Method.java:568)
at org.testng.internal.invokers.MethodInvocationHelper.invokeMethod(MethodInvocationHelper.java:139)
at org.testng.internal.invokers.TestInvoker.invokeMethod(TestInvoker.java:677)
at org.testng.internal.invokers.TestInvoker.invokeTestMethod(TestInvoker.java:221)
at org.testng.internal.invokers.MethodRunner.runInSequence(MethodRunner.java:50)
at org.testng.internal.invokers.TestInvoker$MethodInvocationAgent.invoke(TestInvoker.java:962)
at org.testng.internal.invokers.TestInvoker.invokeTestMethods(TestInvoker.java:194)
at org.testng.internal.invokers.TestMethodWorker.invokeTestMethods(TestMethodWorker.java:148)
at org.testng.internal.invokers.TestMethodWorker.run(TestMethodWorker.java:128)
at java.base/java.util.ArrayList.forEach(ArrayList.java:1511)
at org.testng.TestRunner.privateRun(TestRunner.java:806)
at org.testng.TestRunner.run(TestRunner.java:601)
at org.testng.SuiteRunner.runTest(SuiteRunner.java:433)
at org.testng.SuiteRunner.runSequentially(SuiteRunner.java:427)
at org.testng.SuiteRunner.privateRun(SuiteRunner.java:387)
at org.testng.SuiteRunner.run(SuiteRunner.java:330)
at org.testng.SuiteRunnerWorker.runSuite(SuiteRunnerWorker.java:52)
at org.testng.SuiteRunnerWorker.run(SuiteRunnerWorker.java:95)
at org.testng.TestNG.runSuitesSequentially(TestNG.java:1256)
at org.testng.TestNG.runSuitesLocally(TestNG.java:1176)
at org.testng.TestNG.runSuites(TestNG.java:1099)
at org.testng.TestNG.run(TestNG.java:1067)
at org.testng.remote.AbstractRemoteTestNG.run(AbstractRemoteTestNG.java:115)
at org.testng.remote.RemoteTestNG.initAndRun(RemoteTestNG.java:251)
at org.testng.remote.RemoteTestNG.main(RemoteTestNG.java:77)
]]>
    </error>
  </testcase> <!-- setASpecificSizeOfWindow -->
  <system-out/>
  <testcase classname="com.macys.HomePageTest" name="clickSingInButton">
    <skipped/>
  </testcase> <!-- clickSingInButton -->
  <system-out/>
  <testcase classname="com.macys.HomePageTest" name="logoTest">
    <skipped/>
  </testcase> <!-- logoTest -->
  <system-out/>
  <testcase classname="com.macys.HomePageTest" name="bagIconTest">
    <skipped/>
  </testcase> <!-- bagIconTest -->
  <system-out/>
  <testcase classname="com.macys.HomePageTest" name="orderReturnButtonTest">
    <skipped/>
  </testcase> <!-- orderReturnButtonTest -->
  <system-out/>
  <testcase classname="com.macys.HomePageTest" name="use_isDisplayTest">
    <skipped/>
  </testcase> <!-- use_isDisplayTest -->
  <system-out/>
  <testcase classname="com.macys.HomePageTest" name="use_of_GetAttribute_Method">
    <skipped/>
  </testcase> <!-- use_of_GetAttribute_Method -->
  <system-out/>
  <testcase classname="com.macys.HomePageTest" name="use_of_sendKeys_method">
    <skipped/>
  </testcase> <!-- use_of_sendKeys_method -->
  <system-out/>
  <testcase classname="com.macys.HomePageTest" name="searchButtonClickTesting">
    <skipped/>
  </testcase> <!-- searchButtonClickTesting -->
  <system-out/>
  <testcase classname="com.macys.HomePageTest" name="use_of_GetText_Method">
    <skipped/>
  </testcase> <!-- use_of_GetText_Method -->
  <system-out/>
  <testcase classname="com.macys.HomePageTest" name="applyForMacysCraditCardTest">
    <skipped/>
  </testcase> <!-- applyForMacysCraditCardTest -->
  <system-out/>
  <testcase classname="com.macys.HomePageTest" name="use_of_navigate_method">
    <skipped/>
  </testcase> <!-- use_of_navigate_method -->
  <system-out/>
  <testcase classname="com.macys.HomePageTest" name="use_Of_GetCurrentUrl_Method">
    <skipped/>
  </testcase> <!-- use_Of_GetCurrentUrl_Method -->
  <system-out/>
  <testcase classname="com.macys.HomePageTest" name="forgetPassword">
    <skipped/>
  </testcase> <!-- forgetPassword -->
  <system-out/>
  <testcase classname="com.macys.HomePageTest" name="weddingRegistryButtonTest">
    <skipped/>
  </testcase> <!-- weddingRegistryButtonTest -->
  <system-out/>
  <testcase classname="com.macys.HomePageTest" name="signMeUpButtonTest">
    <skipped/>
  </testcase> <!-- signMeUpButtonTest -->
  <system-out/>
  <testcase classname="com.macys.HomePageTest" name="clickUserIdField">
    <skipped/>
  </testcase> <!-- clickUserIdField -->
  <system-out/>
  <testcase classname="com.macys.HomePageTest" name="cardholderBenefitsTest">
    <skipped/>
  </testcase> <!-- cardholderBenefitsTest -->
  <system-out/>
  <testcase classname="com.macys.HomePageTest" name="shopButtonTest">
    <skipped/>
  </testcase> <!-- shopButtonTest -->
  <system-out/>
  <testcase classname="com.macys.HomePageTest" name="logoIsDisplayedTest">
    <skipped/>
  </testcase> <!-- logoIsDisplayedTest -->
  <system-out/>
  <testcase classname="com.macys.HomePageTest" name="singInButtonTest2">
    <skipped/>
  </testcase> <!-- singInButtonTest2 -->
  <system-out/>
  <testcase classname="com.macys.HomePageTest" name="use_Of_Get_Tittle_Method">
    <skipped/>
  </testcase> <!-- use_Of_Get_Tittle_Method -->
  <system-out/>
  <testcase classname="com.macys.HomePageTest" name="zipCodeFieldClickTest">
    <skipped/>
  </testcase> <!-- zipCodeFieldClickTest -->
  <system-out/>
  <testcase classname="com.macys.HomePageTest" name="searchButtonTest1">
    <skipped/>
  </testcase> <!-- searchButtonTest1 -->
  <system-out/>
</testsuite> <!-- com.macys.HomePageTest -->
